DEBUG - 2023-12-14 23:01:01 --> UTF-8 Support Enabled
DEBUG - 2023-12-14 23:01:01 --> No URI present. Default controller set.
DEBUG - 2023-12-14 23:01:01 --> Global POST, GET and COOKIE data sanitized
ERROR - 2023-12-14 23:01:02 --> Severity: Warning --> mysqli::real_connect(): Error while reading greeting packet. PID=18136 D:\noSync\Server\php\2023\Dr-systems\Drsystems-APP\system\database\drivers\mysqli\mysqli_driver.php 201
ERROR - 2023-12-14 23:01:02 --> Severity: error --> Exception: MySQL server has gone away D:\noSync\Server\php\2023\Dr-systems\Drsystems-APP\system\database\drivers\mysqli\mysqli_driver.php 201
ERROR - 2023-12-14 23:01:02 --> Severity: Warning --> include(D:\noSync\Server\php\2023\Dr-systems\Drsystems-APP\application\views\errors\html\error_exception.php): Failed to open stream: No such file or directory D:\noSync\Server\php\2023\Dr-systems\Drsystems-APP\system\core\Exceptions.php 221
ERROR - 2023-12-14 23:01:02 --> Severity: Warning --> include(): Failed opening 'D:\noSync\Server\php\2023\Dr-systems\Drsystems-APP\application\views\errors\html\error_exception.php' for inclusion (include_path='C:\xampp\php\PEAR') D:\noSync\Server\php\2023\Dr-systems\Drsystems-APP\system\core\Exceptions.php 221
DEBUG - 2023-12-14 23:01:16 --> UTF-8 Support Enabled
DEBUG - 2023-12-14 23:01:16 --> No URI present. Default controller set.
DEBUG - 2023-12-14 23:01:16 --> Global POST, GET and COOKIE data sanitized
DEBUG - 2023-12-14 23:01:17 --> Total execution time: 1.0700
DEBUG - 2023-12-14 23:01:28 --> UTF-8 Support Enabled
DEBUG - 2023-12-14 23:01:28 --> Global POST, GET and COOKIE data sanitized
DEBUG - 2023-12-14 23:01:29 --> Total execution time: 1.0624
DEBUG - 2023-12-14 23:01:31 --> UTF-8 Support Enabled
DEBUG - 2023-12-14 23:01:31 --> Global POST, GET and COOKIE data sanitized
DEBUG - 2023-12-14 23:01:32 --> Total execution time: 1.0721
DEBUG - 2023-12-14 23:01:44 --> UTF-8 Support Enabled
DEBUG - 2023-12-14 23:01:44 --> Global POST, GET and COOKIE data sanitized
DEBUG - 2023-12-14 23:01:45 --> Total execution time: 0.8898
DEBUG - 2023-12-14 23:01:54 --> UTF-8 Support Enabled
DEBUG - 2023-12-14 23:01:54 --> Global POST, GET and COOKIE data sanitized
ERROR - 2023-12-14 23:01:54 --> 404 Page Not Found: Runaway/send_mail
ERROR - 2023-12-14 23:01:54 --> Severity: Warning --> include(D:\noSync\Server\php\2023\Dr-systems\Drsystems-APP\application\views\errors\html\error_404.php): Failed to open stream: No such file or directory D:\noSync\Server\php\2023\Dr-systems\Drsystems-APP\system\core\Exceptions.php 184
ERROR - 2023-12-14 23:01:54 --> Severity: Warning --> include(): Failed opening 'D:\noSync\Server\php\2023\Dr-systems\Drsystems-APP\application\views\errors\html\error_404.php' for inclusion (include_path='C:\xampp\php\PEAR') D:\noSync\Server\php\2023\Dr-systems\Drsystems-APP\system\core\Exceptions.php 184
DEBUG - 2023-12-14 23:02:04 --> UTF-8 Support Enabled
DEBUG - 2023-12-14 23:02:04 --> Global POST, GET and COOKIE data sanitized
ERROR - 2023-12-14 23:02:04 --> 404 Page Not Found: Runaway/send_email
ERROR - 2023-12-14 23:02:04 --> Severity: Warning --> include(D:\noSync\Server\php\2023\Dr-systems\Drsystems-APP\application\views\errors\html\error_404.php): Failed to open stream: No such file or directory D:\noSync\Server\php\2023\Dr-systems\Drsystems-APP\system\core\Exceptions.php 184
ERROR - 2023-12-14 23:02:04 --> Severity: Warning --> include(): Failed opening 'D:\noSync\Server\php\2023\Dr-systems\Drsystems-APP\application\views\errors\html\error_404.php' for inclusion (include_path='C:\xampp\php\PEAR') D:\noSync\Server\php\2023\Dr-systems\Drsystems-APP\system\core\Exceptions.php 184
DEBUG - 2023-12-14 23:02:09 --> UTF-8 Support Enabled
DEBUG - 2023-12-14 23:02:09 --> Global POST, GET and COOKIE data sanitized
ERROR - 2023-12-14 23:02:09 --> 404 Page Not Found: Runaway/send_mail
ERROR - 2023-12-14 23:02:09 --> Severity: Warning --> include(D:\noSync\Server\php\2023\Dr-systems\Drsystems-APP\application\views\errors\html\error_404.php): Failed to open stream: No such file or directory D:\noSync\Server\php\2023\Dr-systems\Drsystems-APP\system\core\Exceptions.php 184
ERROR - 2023-12-14 23:02:09 --> Severity: Warning --> include(): Failed opening 'D:\noSync\Server\php\2023\Dr-systems\Drsystems-APP\application\views\errors\html\error_404.php' for inclusion (include_path='C:\xampp\php\PEAR') D:\noSync\Server\php\2023\Dr-systems\Drsystems-APP\system\core\Exceptions.php 184
DEBUG - 2023-12-14 23:03:22 --> UTF-8 Support Enabled
DEBUG - 2023-12-14 23:03:22 --> Global POST, GET and COOKIE data sanitized
DEBUG - 2023-12-14 23:03:24 --> Total execution time: 2.9944
DEBUG - 2023-12-14 23:04:07 --> UTF-8 Support Enabled
DEBUG - 2023-12-14 23:04:07 --> Global POST, GET and COOKIE data sanitized
ERROR - 2023-12-14 23:04:07 --> 404 Page Not Found: Runawa/index
ERROR - 2023-12-14 23:04:07 --> Severity: Warning --> include(D:\noSync\Server\php\2023\Dr-systems\Drsystems-APP\application\views\errors\html\error_404.php): Failed to open stream: No such file or directory D:\noSync\Server\php\2023\Dr-systems\Drsystems-APP\system\core\Exceptions.php 184
ERROR - 2023-12-14 23:04:07 --> Severity: Warning --> include(): Failed opening 'D:\noSync\Server\php\2023\Dr-systems\Drsystems-APP\application\views\errors\html\error_404.php' for inclusion (include_path='C:\xampp\php\PEAR') D:\noSync\Server\php\2023\Dr-systems\Drsystems-APP\system\core\Exceptions.php 184
DEBUG - 2023-12-14 23:04:10 --> UTF-8 Support Enabled
DEBUG - 2023-12-14 23:04:10 --> Global POST, GET and COOKIE data sanitized
DEBUG - 2023-12-14 23:04:11 --> Total execution time: 1.0142
DEBUG - 2023-12-14 23:51:30 --> UTF-8 Support Enabled
DEBUG - 2023-12-14 23:51:30 --> Global POST, GET and COOKIE data sanitized
ERROR - 2023-12-14 23:51:30 --> Severity: Warning --> mysqli::real_connect(): Error while reading greeting packet. PID=18136 D:\noSync\Server\php\2023\Dr-systems\Drsystems-APP\system\database\drivers\mysqli\mysqli_driver.php 201
ERROR - 2023-12-14 23:51:30 --> Severity: error --> Exception: MySQL server has gone away D:\noSync\Server\php\2023\Dr-systems\Drsystems-APP\system\database\drivers\mysqli\mysqli_driver.php 201
ERROR - 2023-12-14 23:51:30 --> Severity: Warning --> include(D:\noSync\Server\php\2023\Dr-systems\Drsystems-APP\application\views\errors\html\error_exception.php): Failed to open stream: No such file or directory D:\noSync\Server\php\2023\Dr-systems\Drsystems-APP\system\core\Exceptions.php 221
ERROR - 2023-12-14 23:51:30 --> Severity: Warning --> include(): Failed opening 'D:\noSync\Server\php\2023\Dr-systems\Drsystems-APP\application\views\errors\html\error_exception.php' for inclusion (include_path='C:\xampp\php\PEAR') D:\noSync\Server\php\2023\Dr-systems\Drsystems-APP\system\core\Exceptions.php 221
DEBUG - 2023-12-14 23:51:32 --> UTF-8 Support Enabled
DEBUG - 2023-12-14 23:51:32 --> Global POST, GET and COOKIE data sanitized
ERROR - 2023-12-14 23:51:33 --> Severity: Warning --> Undefined array key "Firstname" D:\noSync\Server\php\2023\Dr-systems\Drsystems-APP\application\views\dashboard\header.php 2
ERROR - 2023-12-14 23:51:33 --> Severity: Warning --> Undefined array key "Secondname" D:\noSync\Server\php\2023\Dr-systems\Drsystems-APP\application\views\dashboard\header.php 2
ERROR - 2023-12-14 23:51:33 --> Severity: Warning --> Undefined array key "User" D:\noSync\Server\php\2023\Dr-systems\Drsystems-APP\application\views\dashboard\beginmenu.php 8
DEBUG - 2023-12-14 23:51:33 --> Total execution time: 0.9979
DEBUG - 2023-12-14 23:51:33 --> UTF-8 Support Enabled
DEBUG - 2023-12-14 23:51:33 --> Global POST, GET and COOKIE data sanitized
DEBUG - 2023-12-14 23:51:34 --> Total execution time: 0.9094
DEBUG - 2023-12-14 23:51:36 --> UTF-8 Support Enabled
DEBUG - 2023-12-14 23:51:36 --> No URI present. Default controller set.
DEBUG - 2023-12-14 23:51:36 --> Global POST, GET and COOKIE data sanitized
DEBUG - 2023-12-14 23:51:37 --> Total execution time: 0.8567
DEBUG - 2023-12-14 23:51:45 --> UTF-8 Support Enabled
DEBUG - 2023-12-14 23:51:45 --> Global POST, GET and COOKIE data sanitized
DEBUG - 2023-12-14 23:51:46 --> Total execution time: 1.0033
DEBUG - 2023-12-14 23:51:48 --> UTF-8 Support Enabled
DEBUG - 2023-12-14 23:51:48 --> Global POST, GET and COOKIE data sanitized
DEBUG - 2023-12-14 23:51:49 --> Total execution time: 0.8473
DEBUG - 2023-12-14 23:54:35 --> UTF-8 Support Enabled
DEBUG - 2023-12-14 23:54:35 --> Global POST, GET and COOKIE data sanitized
DEBUG - 2023-12-14 23:54:36 --> Total execution time: 0.8622
