DEBUG - 2023-12-16 01:11:13 --> UTF-8 Support Enabled
DEBUG - 2023-12-16 01:11:13 --> No URI present. Default controller set.
DEBUG - 2023-12-16 01:11:13 --> Global POST, GET and COOKIE data sanitized
ERROR - 2023-12-16 01:11:14 --> Severity: Warning --> mysqli::real_connect(): Error while reading greeting packet. PID=12728 D:\noSync\Server\php\2023\Dr-systems\Drsystems-APP\system\database\drivers\mysqli\mysqli_driver.php 201
ERROR - 2023-12-16 01:11:14 --> Severity: error --> Exception: MySQL server has gone away D:\noSync\Server\php\2023\Dr-systems\Drsystems-APP\system\database\drivers\mysqli\mysqli_driver.php 201
ERROR - 2023-12-16 01:11:14 --> Severity: Warning --> include(D:\noSync\Server\php\2023\Dr-systems\Drsystems-APP\application\views\errors\html\error_exception.php): Failed to open stream: No such file or directory D:\noSync\Server\php\2023\Dr-systems\Drsystems-APP\system\core\Exceptions.php 221
ERROR - 2023-12-16 01:11:17 --> Severity: Warning --> include(): Failed opening 'D:\noSync\Server\php\2023\Dr-systems\Drsystems-APP\application\views\errors\html\error_exception.php' for inclusion (include_path='C:\xampp\php\PEAR') D:\noSync\Server\php\2023\Dr-systems\Drsystems-APP\system\core\Exceptions.php 221
DEBUG - 2023-12-16 01:11:17 --> UTF-8 Support Enabled
DEBUG - 2023-12-16 01:11:17 --> Global POST, GET and COOKIE data sanitized
DEBUG - 2023-12-16 01:11:20 --> Total execution time: 6.0685
DEBUG - 2023-12-16 01:11:24 --> UTF-8 Support Enabled
DEBUG - 2023-12-16 01:11:24 --> No URI present. Default controller set.
DEBUG - 2023-12-16 01:11:24 --> Global POST, GET and COOKIE data sanitized
ERROR - 2023-12-16 01:11:25 --> Severity: Warning --> Undefined variable $emailcode D:\noSync\Server\php\2023\Dr-systems\Drsystems-APP\application\views\loop\footer\copyright.php 8
DEBUG - 2023-12-16 01:11:25 --> Total execution time: 0.9701
DEBUG - 2023-12-16 01:37:20 --> UTF-8 Support Enabled
DEBUG - 2023-12-16 01:37:20 --> No URI present. Default controller set.
DEBUG - 2023-12-16 01:37:20 --> Global POST, GET and COOKIE data sanitized
ERROR - 2023-12-16 01:37:20 --> Severity: Warning --> mysqli::real_connect(): Error while reading greeting packet. PID=12728 D:\noSync\Server\php\2023\Dr-systems\Drsystems-APP\system\database\drivers\mysqli\mysqli_driver.php 201
ERROR - 2023-12-16 01:37:20 --> Severity: error --> Exception: MySQL server has gone away D:\noSync\Server\php\2023\Dr-systems\Drsystems-APP\system\database\drivers\mysqli\mysqli_driver.php 201
ERROR - 2023-12-16 01:37:20 --> Severity: Warning --> include(D:\noSync\Server\php\2023\Dr-systems\Drsystems-APP\application\views\errors\html\error_exception.php): Failed to open stream: No such file or directory D:\noSync\Server\php\2023\Dr-systems\Drsystems-APP\system\core\Exceptions.php 221
ERROR - 2023-12-16 01:37:20 --> Severity: Warning --> include(): Failed opening 'D:\noSync\Server\php\2023\Dr-systems\Drsystems-APP\application\views\errors\html\error_exception.php' for inclusion (include_path='C:\xampp\php\PEAR') D:\noSync\Server\php\2023\Dr-systems\Drsystems-APP\system\core\Exceptions.php 221
