DEBUG - 2024-04-30 01:32:09 --> UTF-8 Support Enabled
DEBUG - 2024-04-30 01:32:09 --> No URI present. Default controller set.
DEBUG - 2024-04-30 01:32:09 --> Global POST, GET and COOKIE data sanitized
ERROR - 2024-04-30 01:32:10 --> Severity: Warning --> mysqli::real_connect(): Error while reading greeting packet. PID=16056 D:\noSync\Server\php\2024\QR_ProductsServices\QR_PS-APP\system\database\drivers\mysqli\mysqli_driver.php 201
ERROR - 2024-04-30 01:32:10 --> Severity: error --> Exception: MySQL server has gone away D:\noSync\Server\php\2024\QR_ProductsServices\QR_PS-APP\system\database\drivers\mysqli\mysqli_driver.php 201
ERROR - 2024-04-30 01:32:10 --> Severity: Warning --> include(D:\noSync\Server\php\2024\QR_ProductsServices\QR_PS-APP\application\views\errors\html\error_exception.php): Failed to open stream: No such file or directory D:\noSync\Server\php\2024\QR_ProductsServices\QR_PS-APP\system\core\Exceptions.php 221
ERROR - 2024-04-30 01:32:10 --> Severity: Warning --> include(): Failed opening 'D:\noSync\Server\php\2024\QR_ProductsServices\QR_PS-APP\application\views\errors\html\error_exception.php' for inclusion (include_path='C:\xampp\php\PEAR') D:\noSync\Server\php\2024\QR_ProductsServices\QR_PS-APP\system\core\Exceptions.php 221
DEBUG - 2024-04-30 01:51:14 --> UTF-8 Support Enabled
DEBUG - 2024-04-30 01:51:14 --> No URI present. Default controller set.
DEBUG - 2024-04-30 01:51:14 --> Global POST, GET and COOKIE data sanitized
ERROR - 2024-04-30 01:51:14 --> Severity: Warning --> mysqli::real_connect(): Error while reading greeting packet. PID=16056 D:\noSync\Server\php\2024\QR_ProductsServices\QR_PS-APP\system\database\drivers\mysqli\mysqli_driver.php 201
ERROR - 2024-04-30 01:51:14 --> Severity: error --> Exception: MySQL server has gone away D:\noSync\Server\php\2024\QR_ProductsServices\QR_PS-APP\system\database\drivers\mysqli\mysqli_driver.php 201
ERROR - 2024-04-30 01:51:14 --> Severity: Warning --> include(D:\noSync\Server\php\2024\QR_ProductsServices\QR_PS-APP\application\views\errors\html\error_exception.php): Failed to open stream: No such file or directory D:\noSync\Server\php\2024\QR_ProductsServices\QR_PS-APP\system\core\Exceptions.php 221
ERROR - 2024-04-30 01:51:14 --> Severity: Warning --> include(): Failed opening 'D:\noSync\Server\php\2024\QR_ProductsServices\QR_PS-APP\application\views\errors\html\error_exception.php' for inclusion (include_path='C:\xampp\php\PEAR') D:\noSync\Server\php\2024\QR_ProductsServices\QR_PS-APP\system\core\Exceptions.php 221
DEBUG - 2024-04-30 01:51:16 --> UTF-8 Support Enabled
DEBUG - 2024-04-30 01:51:16 --> No URI present. Default controller set.
DEBUG - 2024-04-30 01:51:16 --> Global POST, GET and COOKIE data sanitized
ERROR - 2024-04-30 01:51:17 --> Severity: Warning --> Undefined variable $emailcode D:\noSync\Server\php\2024\QR_ProductsServices\QR_PS-APP\application\views\loop\footer\copyright.php 8
DEBUG - 2024-04-30 01:51:17 --> Total execution time: 1.1438
DEBUG - 2024-04-30 02:01:47 --> UTF-8 Support Enabled
DEBUG - 2024-04-30 02:01:47 --> Global POST, GET and COOKIE data sanitized
ERROR - 2024-04-30 02:01:48 --> Severity: Warning --> Undefined variable $emailcode D:\noSync\Server\php\2024\QR_ProductsServices\QR_PS-APP\application\views\loop\footer\copyright.php 8
DEBUG - 2024-04-30 02:01:48 --> Total execution time: 1.1860
DEBUG - 2024-04-30 02:01:50 --> UTF-8 Support Enabled
DEBUG - 2024-04-30 02:01:50 --> Global POST, GET and COOKIE data sanitized
ERROR - 2024-04-30 02:01:51 --> Severity: Warning --> Undefined variable $emailcode D:\noSync\Server\php\2024\QR_ProductsServices\QR_PS-APP\application\views\loop\footer\copyright.php 8
DEBUG - 2024-04-30 02:01:51 --> Total execution time: 1.4280
DEBUG - 2024-04-30 02:02:01 --> UTF-8 Support Enabled
DEBUG - 2024-04-30 02:02:01 --> Global POST, GET and COOKIE data sanitized
DEBUG - 2024-04-30 02:02:01 --> UTF-8 Support Enabled
DEBUG - 2024-04-30 02:02:01 --> Global POST, GET and COOKIE data sanitized
DEBUG - 2024-04-30 02:02:01 --> UTF-8 Support Enabled
DEBUG - 2024-04-30 02:02:01 --> Global POST, GET and COOKIE data sanitized
ERROR - 2024-04-30 02:02:02 --> Severity: Warning --> Undefined variable $emailcode D:\noSync\Server\php\2024\QR_ProductsServices\QR_PS-APP\application\views\loop\footer\copyright.php 8
DEBUG - 2024-04-30 02:02:02 --> Total execution time: 0.9946
ERROR - 2024-04-30 02:02:02 --> Severity: Warning --> Undefined variable $emailcode D:\noSync\Server\php\2024\QR_ProductsServices\QR_PS-APP\application\views\loop\footer\copyright.php 8
DEBUG - 2024-04-30 02:02:02 --> Total execution time: 0.9068
ERROR - 2024-04-30 02:02:02 --> Severity: Warning --> Undefined variable $emailcode D:\noSync\Server\php\2024\QR_ProductsServices\QR_PS-APP\application\views\loop\footer\copyright.php 8
DEBUG - 2024-04-30 02:02:02 --> Total execution time: 0.8447
DEBUG - 2024-04-30 02:02:02 --> UTF-8 Support Enabled
DEBUG - 2024-04-30 02:02:02 --> Global POST, GET and COOKIE data sanitized
ERROR - 2024-04-30 02:02:03 --> Severity: Warning --> Undefined variable $emailcode D:\noSync\Server\php\2024\QR_ProductsServices\QR_PS-APP\application\views\loop\footer\copyright.php 8
DEBUG - 2024-04-30 02:02:03 --> Total execution time: 0.9101
DEBUG - 2024-04-30 02:02:04 --> UTF-8 Support Enabled
DEBUG - 2024-04-30 02:02:04 --> No URI present. Default controller set.
DEBUG - 2024-04-30 02:02:04 --> Global POST, GET and COOKIE data sanitized
ERROR - 2024-04-30 02:02:05 --> Severity: Warning --> Undefined variable $emailcode D:\noSync\Server\php\2024\QR_ProductsServices\QR_PS-APP\application\views\loop\footer\copyright.php 8
DEBUG - 2024-04-30 02:02:05 --> Total execution time: 0.8940
