DEBUG - 2024-04-29 01:44:50 --> UTF-8 Support Enabled
DEBUG - 2024-04-29 01:44:50 --> No URI present. Default controller set.
DEBUG - 2024-04-29 01:44:50 --> Global POST, GET and COOKIE data sanitized
ERROR - 2024-04-29 01:44:52 --> Severity: Warning --> mysqli::real_connect(): Error while reading greeting packet. PID=4684 D:\noSync\Server\php\2023\Dr-systems\Drsystems-APP\system\database\drivers\mysqli\mysqli_driver.php 201
ERROR - 2024-04-29 01:44:52 --> Severity: error --> Exception: MySQL server has gone away D:\noSync\Server\php\2023\Dr-systems\Drsystems-APP\system\database\drivers\mysqli\mysqli_driver.php 201
ERROR - 2024-04-29 01:44:52 --> Severity: Warning --> include(D:\noSync\Server\php\2023\Dr-systems\Drsystems-APP\application\views\errors\html\error_exception.php): Failed to open stream: No such file or directory D:\noSync\Server\php\2023\Dr-systems\Drsystems-APP\system\core\Exceptions.php 221
ERROR - 2024-04-29 01:44:52 --> Severity: Warning --> include(): Failed opening 'D:\noSync\Server\php\2023\Dr-systems\Drsystems-APP\application\views\errors\html\error_exception.php' for inclusion (include_path='C:\xampp\php\PEAR') D:\noSync\Server\php\2023\Dr-systems\Drsystems-APP\system\core\Exceptions.php 221
DEBUG - 2024-04-29 01:44:57 --> UTF-8 Support Enabled
DEBUG - 2024-04-29 01:44:57 --> No URI present. Default controller set.
DEBUG - 2024-04-29 01:44:57 --> Global POST, GET and COOKIE data sanitized
ERROR - 2024-04-29 01:44:58 --> Severity: Warning --> Undefined variable $emailcode D:\noSync\Server\php\2023\Dr-systems\Drsystems-APP\application\views\loop\footer\copyright.php 8
DEBUG - 2024-04-29 01:44:58 --> Total execution time: 1.6219
DEBUG - 2024-04-29 01:45:04 --> UTF-8 Support Enabled
DEBUG - 2024-04-29 01:45:04 --> No URI present. Default controller set.
DEBUG - 2024-04-29 01:45:04 --> Global POST, GET and COOKIE data sanitized
ERROR - 2024-04-29 01:45:05 --> Severity: Warning --> Undefined variable $emailcode D:\noSync\Server\php\2023\Dr-systems\Drsystems-APP\application\views\loop\footer\copyright.php 8
DEBUG - 2024-04-29 01:45:05 --> Total execution time: 0.9135
DEBUG - 2024-04-29 01:45:50 --> UTF-8 Support Enabled
DEBUG - 2024-04-29 01:45:51 --> Global POST, GET and COOKIE data sanitized
DEBUG - 2024-04-29 01:45:52 --> Total execution time: 1.9647
DEBUG - 2024-04-29 01:46:27 --> UTF-8 Support Enabled
DEBUG - 2024-04-29 01:46:27 --> Global POST, GET and COOKIE data sanitized
ERROR - 2024-04-29 01:46:28 --> Severity: Warning --> Undefined variable $emailcode D:\noSync\Server\php\2023\Dr-systems\Drsystems-APP\application\views\loop\footer\copyright.php 8
DEBUG - 2024-04-29 01:46:28 --> Total execution time: 0.9637
DEBUG - 2024-04-29 01:46:30 --> UTF-8 Support Enabled
DEBUG - 2024-04-29 01:46:30 --> No URI present. Default controller set.
DEBUG - 2024-04-29 01:46:30 --> Global POST, GET and COOKIE data sanitized
ERROR - 2024-04-29 01:46:30 --> Severity: Warning --> Undefined variable $emailcode D:\noSync\Server\php\2023\Dr-systems\Drsystems-APP\application\views\loop\footer\copyright.php 8
DEBUG - 2024-04-29 01:46:30 --> Total execution time: 0.8926
