DEBUG - 2023-12-15 02:11:25 --> UTF-8 Support Enabled
DEBUG - 2023-12-15 02:11:25 --> Global POST, GET and COOKIE data sanitized
DEBUG - 2023-12-15 02:11:27 --> Total execution time: 1.9289
DEBUG - 2023-12-15 02:14:50 --> UTF-8 Support Enabled
DEBUG - 2023-12-15 02:14:50 --> Global POST, GET and COOKIE data sanitized
DEBUG - 2023-12-15 02:14:51 --> Total execution time: 1.8800
DEBUG - 2023-12-15 02:15:41 --> UTF-8 Support Enabled
DEBUG - 2023-12-15 02:15:41 --> Global POST, GET and COOKIE data sanitized
DEBUG - 2023-12-15 02:15:43 --> Total execution time: 1.9620
DEBUG - 2023-12-15 02:16:11 --> UTF-8 Support Enabled
DEBUG - 2023-12-15 02:16:11 --> Global POST, GET and COOKIE data sanitized
DEBUG - 2023-12-15 02:16:13 --> Total execution time: 1.8734
DEBUG - 2023-12-15 02:19:34 --> UTF-8 Support Enabled
DEBUG - 2023-12-15 02:19:34 --> Global POST, GET and COOKIE data sanitized
DEBUG - 2023-12-15 02:19:36 --> Total execution time: 2.1591
DEBUG - 2023-12-15 02:21:05 --> UTF-8 Support Enabled
DEBUG - 2023-12-15 02:21:05 --> Global POST, GET and COOKIE data sanitized
DEBUG - 2023-12-15 02:21:08 --> Total execution time: 2.4117
DEBUG - 2023-12-15 02:22:23 --> UTF-8 Support Enabled
DEBUG - 2023-12-15 02:22:23 --> Global POST, GET and COOKIE data sanitized
DEBUG - 2023-12-15 02:22:25 --> Total execution time: 2.2266
DEBUG - 2023-12-15 02:23:06 --> UTF-8 Support Enabled
DEBUG - 2023-12-15 02:23:06 --> Global POST, GET and COOKIE data sanitized
DEBUG - 2023-12-15 02:23:08 --> Total execution time: 2.2283
DEBUG - 2023-12-15 02:27:02 --> UTF-8 Support Enabled
DEBUG - 2023-12-15 02:27:02 --> Global POST, GET and COOKIE data sanitized
ERROR - 2023-12-15 02:27:03 --> Severity: Warning --> Undefined array key "Firstname" D:\noSync\Server\php\2023\Dr-systems\Drsystems-APP\application\views\dashboard\header.php 2
ERROR - 2023-12-15 02:27:03 --> Severity: Warning --> Undefined array key "Secondname" D:\noSync\Server\php\2023\Dr-systems\Drsystems-APP\application\views\dashboard\header.php 2
ERROR - 2023-12-15 02:27:03 --> Severity: Warning --> Undefined array key "User" D:\noSync\Server\php\2023\Dr-systems\Drsystems-APP\application\views\dashboard\beginmenu.php 8
ERROR - 2023-12-15 02:27:03 --> Severity: Warning --> Undefined variable $emailcode D:\noSync\Server\php\2023\Dr-systems\Drsystems-APP\application\views\loop\footer\copyright.php 8
DEBUG - 2023-12-15 02:27:03 --> Total execution time: 1.0279
DEBUG - 2023-12-15 02:27:03 --> UTF-8 Support Enabled
DEBUG - 2023-12-15 02:27:03 --> Global POST, GET and COOKIE data sanitized
ERROR - 2023-12-15 02:27:04 --> Severity: Warning --> Undefined variable $emailcode D:\noSync\Server\php\2023\Dr-systems\Drsystems-APP\application\views\loop\footer\copyright.php 8
DEBUG - 2023-12-15 02:27:04 --> Total execution time: 0.8649
DEBUG - 2023-12-15 02:27:06 --> UTF-8 Support Enabled
DEBUG - 2023-12-15 02:27:06 --> No URI present. Default controller set.
DEBUG - 2023-12-15 02:27:06 --> Global POST, GET and COOKIE data sanitized
ERROR - 2023-12-15 02:27:06 --> Severity: Warning --> Undefined variable $emailcode D:\noSync\Server\php\2023\Dr-systems\Drsystems-APP\application\views\loop\footer\copyright.php 8
DEBUG - 2023-12-15 02:27:06 --> Total execution time: 0.9006
DEBUG - 2023-12-15 02:27:12 --> UTF-8 Support Enabled
DEBUG - 2023-12-15 02:27:12 --> Global POST, GET and COOKIE data sanitized
ERROR - 2023-12-15 02:27:13 --> Severity: Warning --> Undefined variable $emailcode D:\noSync\Server\php\2023\Dr-systems\Drsystems-APP\application\views\loop\footer\copyright.php 8
DEBUG - 2023-12-15 02:27:13 --> Total execution time: 1.0830
DEBUG - 2023-12-15 02:27:15 --> UTF-8 Support Enabled
DEBUG - 2023-12-15 02:27:15 --> Global POST, GET and COOKIE data sanitized
ERROR - 2023-12-15 02:27:16 --> Severity: Warning --> Undefined variable $emailcode D:\noSync\Server\php\2023\Dr-systems\Drsystems-APP\application\views\loop\footer\copyright.php 8
DEBUG - 2023-12-15 02:27:16 --> Total execution time: 0.8294
DEBUG - 2023-12-15 02:27:19 --> UTF-8 Support Enabled
DEBUG - 2023-12-15 02:27:19 --> Global POST, GET and COOKIE data sanitized
DEBUG - 2023-12-15 02:27:21 --> Total execution time: 2.2667
DEBUG - 2023-12-15 02:33:33 --> UTF-8 Support Enabled
DEBUG - 2023-12-15 02:33:33 --> Global POST, GET and COOKIE data sanitized
DEBUG - 2023-12-15 02:33:35 --> Total execution time: 2.4029
DEBUG - 2023-12-15 03:17:57 --> UTF-8 Support Enabled
DEBUG - 2023-12-15 03:17:57 --> Global POST, GET and COOKIE data sanitized
DEBUG - 2023-12-15 03:18:01 --> Total execution time: 5.2212
DEBUG - 2023-12-15 20:54:33 --> UTF-8 Support Enabled
DEBUG - 2023-12-15 20:54:34 --> Global POST, GET and COOKIE data sanitized
ERROR - 2023-12-15 20:54:39 --> Severity: Warning --> Undefined array key "Firstname" D:\noSync\Server\php\2023\Dr-systems\Drsystems-APP\application\views\dashboard\header.php 2
ERROR - 2023-12-15 20:54:39 --> Severity: Warning --> Undefined array key "Secondname" D:\noSync\Server\php\2023\Dr-systems\Drsystems-APP\application\views\dashboard\header.php 2
ERROR - 2023-12-15 20:54:39 --> Severity: Warning --> Undefined array key "User" D:\noSync\Server\php\2023\Dr-systems\Drsystems-APP\application\views\dashboard\beginmenu.php 8
ERROR - 2023-12-15 20:54:39 --> Severity: Warning --> Undefined variable $emailcode D:\noSync\Server\php\2023\Dr-systems\Drsystems-APP\application\views\loop\footer\copyright.php 8
DEBUG - 2023-12-15 20:54:39 --> Total execution time: 7.2741
DEBUG - 2023-12-15 20:54:39 --> UTF-8 Support Enabled
DEBUG - 2023-12-15 20:54:39 --> Global POST, GET and COOKIE data sanitized
DEBUG - 2023-12-15 20:54:40 --> UTF-8 Support Enabled
DEBUG - 2023-12-15 20:54:40 --> Global POST, GET and COOKIE data sanitized
ERROR - 2023-12-15 20:54:40 --> Severity: Warning --> Undefined variable $emailcode D:\noSync\Server\php\2023\Dr-systems\Drsystems-APP\application\views\loop\footer\copyright.php 8
DEBUG - 2023-12-15 20:54:40 --> Total execution time: 1.0862
DEBUG - 2023-12-15 20:54:42 --> Total execution time: 2.8593
DEBUG - 2023-12-15 20:54:52 --> UTF-8 Support Enabled
DEBUG - 2023-12-15 20:54:52 --> No URI present. Default controller set.
DEBUG - 2023-12-15 20:54:52 --> Global POST, GET and COOKIE data sanitized
ERROR - 2023-12-15 20:54:53 --> Severity: Warning --> Undefined variable $emailcode D:\noSync\Server\php\2023\Dr-systems\Drsystems-APP\application\views\loop\footer\copyright.php 8
DEBUG - 2023-12-15 20:54:53 --> Total execution time: 1.0050
